<?xml version="1.0" encoding="UTF-8"?>
<!-- Generated by org.testng.reporters.JUnitXMLReporter -->
<testsuite ignored="2" hostname="DESKTOP-9HN5GUR" failures="0" tests="2" name="Test" time="31.282" errors="0" timestamp="2025-02-16T11:35:21 IST">
  <testcase classname="qa.tests.Testcase1" name="sampleMethodForEnteringCredentials" time="2.412"/>
  <testcase classname="qa.tests.Testcase2" name="verifyingSignUp" time="4.551"/>
  <testcase classname="base.BaseTest" name="@BeforeTest beforeTestMethod" time="0.0">
    <ignored/>
  </testcase> <!-- @BeforeTest beforeTestMethod -->
  <testcase classname="base.BaseTest" name="@AfterTest afterTestMethod" time="0.0">
    <ignored/>
  </testcase> <!-- @AfterTest afterTestMethod -->
</testsuite> <!-- Test -->
