<?xml version="1.0" encoding="UTF-8"?>
<testng-results ignored="2" total="4" passed="2" failed="0" skipped="0">
  <reporter-output>
  </reporter-output>
  <suite started-at="2025-02-16T11:34:49 IST" name="Suite" finished-at="2025-02-16T11:35:21 IST" duration-ms="31282">
    <groups>
    </groups>
    <test started-at="2025-02-16T11:34:49 IST" name="Test" finished-at="2025-02-16T11:35:21 IST" duration-ms="31282">
      <class name="qa.tests.Testcase1">
        <test-method is-config="true" signature="beforeTestMethod()[pri:0, instance:qa.tests.Testcase1@478190fc]" started-at="2025-02-16T11:34:49 IST" name="beforeTestMethod" finished-at="2025-02-16T11:34:50 IST" duration-ms="441" status="PASS">
          <reporter-output>
          </reporter-output>
        </test-method> <!-- beforeTestMethod -->
        <test-method is-config="true" signature="beforeMethodMethod(java.lang.String,java.lang.reflect.Method)[pri:0, instance:qa.tests.Testcase1@478190fc]" started-at="2025-02-16T11:34:50 IST" name="beforeMethodMethod" finished-at="2025-02-16T11:35:03 IST" duration-ms="13529" status="PASS">
          <params>
            <param index="0">
              <value>
                <![CDATA[edge]]>
              </value>
            </param>
            <param index="1">
              <value>
                <![CDATA[public void qa.tests.Testcase1.sampleMethodForEnteringCredentials()]]>
              </value>
            </param>
          </params>
          <reporter-output>
          </reporter-output>
        </test-method> <!-- beforeMethodMethod -->
        <test-method signature="sampleMethodForEnteringCredentials()[pri:0, instance:qa.tests.Testcase1@478190fc]" started-at="2025-02-16T11:35:03 IST" name="sampleMethodForEnteringCredentials" finished-at="2025-02-16T11:35:06 IST" duration-ms="2412" status="PASS">
          <reporter-output>
          </reporter-output>
        </test-method> <!-- sampleMethodForEnteringCredentials -->
        <test-method is-config="true" signature="afterMethod(org.testng.ITestResult)[pri:0, instance:qa.tests.Testcase1@478190fc]" started-at="2025-02-16T11:35:06 IST" name="afterMethod" finished-at="2025-02-16T11:35:06 IST" duration-ms="205" status="PASS">
          <params>
            <param index="0">
              <value>
                <![CDATA[[TestResult name=sampleMethodForEnteringCredentials status=SUCCESS method=Testcase1.sampleMethodForEnteringCredentials()[pri:0, instance:qa.tests.Testcase1@478190fc] output={null}]]]>
              </value>
            </param>
          </params>
          <reporter-output>
          </reporter-output>
        </test-method> <!-- afterMethod -->
        <test-method is-config="true" signature="afterTestMethod()[pri:0, instance:qa.tests.Testcase1@478190fc]" started-at="2025-02-16T11:35:20 IST" name="afterTestMethod" finished-at="2025-02-16T11:35:21 IST" duration-ms="337" status="PASS">
          <reporter-output>
          </reporter-output>
        </test-method> <!-- afterTestMethod -->
      </class> <!-- qa.tests.Testcase1 -->
      <class name="qa.tests.Testcase2">
        <test-method is-config="true" signature="beforeMethodMethod(java.lang.String,java.lang.reflect.Method)[pri:0, instance:qa.tests.Testcase2@49ec71f8]" started-at="2025-02-16T11:35:06 IST" name="beforeMethodMethod" finished-at="2025-02-16T11:35:15 IST" duration-ms="9576" status="PASS">
          <params>
            <param index="0">
              <value>
                <![CDATA[edge]]>
              </value>
            </param>
            <param index="1">
              <value>
                <![CDATA[public void qa.tests.Testcase2.verifyingSignUp()]]>
              </value>
            </param>
          </params>
          <reporter-output>
          </reporter-output>
        </test-method> <!-- beforeMethodMethod -->
        <test-method signature="verifyingSignUp()[pri:0, instance:qa.tests.Testcase2@49ec71f8]" started-at="2025-02-16T11:35:15 IST" name="verifyingSignUp" finished-at="2025-02-16T11:35:20 IST" duration-ms="4551" status="PASS">
          <reporter-output>
          </reporter-output>
        </test-method> <!-- verifyingSignUp -->
        <test-method is-config="true" signature="afterMethod(org.testng.ITestResult)[pri:0, instance:qa.tests.Testcase2@49ec71f8]" started-at="2025-02-16T11:35:20 IST" name="afterMethod" finished-at="2025-02-16T11:35:20 IST" duration-ms="186" status="PASS">
          <params>
            <param index="0">
              <value>
                <![CDATA[[TestResult name=verifyingSignUp status=SUCCESS method=Testcase2.verifyingSignUp()[pri:0, instance:qa.tests.Testcase2@49ec71f8] output={null}]]]>
              </value>
            </param>
          </params>
          <reporter-output>
          </reporter-output>
        </test-method> <!-- afterMethod -->
      </class> <!-- qa.tests.Testcase2 -->
    </test> <!-- Test -->
  </suite> <!-- Suite -->
</testng-results>
